  /usr/gcc/15/bin/g++ -o /builds/psumbera/node-ai/out/Release/obj.target/v8_base_without_compiler/deps/v8/src/wasm/baseline/liftoff-assembler.o ../deps/v8/src/wasm/baseline/liftoff-assembler.cc '-D_GLIBCXX_USE_CXX11_ABI=1' '-D_FILE_OFFSET_BITS=64' '-DNODE_OPENSSL_CONF_NAME=nodejs_conf' '-DOPENSSL_FIPS' '-DICU_NO_USER_DATA_OVERRIDE' '-DV8_GYP_BUILD' '-DV8_TYPED_ARRAY_MAX_SIZE_IN_HEAP=64' '-DBUILDING_V8_SHARED' '-DBUILDING_V8_PLATFORM_SHARED' '-DV8_TLS_USED_IN_LIBRARY' '-D__STDC_FORMAT_MACROS' '-D__C99FEATURES__=1' '-DV8_EMBEDDER_STRING="-node.12"' '-DENABLE_DISASSEMBLER' '-DV8_PROMISE_INTERNAL_FIELD_COUNT=1' '-DOBJECT_PRINT' '-DV8_INTL_SUPPORT' '-DV8_ATOMIC_OBJECT_FIELD_WRITES' '-DV8_ENABLE_LAZY_SOURCE_POSITIONS' '-DV8_USE_SIPHASH' '-DNDEBUG' '-DV8_WIN64_UNWINDING_INFO' '-DV8_ENABLE_REGEXP_INTERPRETER_THREADED_DISPATCH' '-DV8_USE_ZLIB' '-DV8_ENABLE_LEAPTIERING' '-DV8_ENABLE_SPARKPLUG' '-DV8_ENABLE_TURBOFAN' '-DV8_ENABLE_WEBASSEMBLY' '-DV8_ENABLE_JAVASCRIPT_PROMISE_HOOKS' '-DV8_ENABLE_CONTINUATION_PRESERVED_EMBEDDER_DATA' '-DV8_ALLOCATION_FOLDING' '-DV8_ALLOCATION_SITE_TRACKING' '-DV8_ADVANCED_BIGINT_ALGORITHMS' '-DICU_UTIL_DATA_IMPL=ICU_UTIL_DATA_STATIC' -I../deps/v8 -I../deps/v8/include -I/usr/openssl/3/include -I/builds/psumbera/node-ai/out/Release/obj/gen/inspector-generated-output-root -I../deps/v8/third_party/inspector_protocol -I/builds/psumbera/node-ai/out/Release/obj/gen -I/builds/psumbera/node-ai/out/Release/obj/gen/inspector-generated-output-root/include -I/builds/psumbera/node-ai/out/Release/obj/gen/generate-bytecode-output-root -I../deps/v8/third_party/zlib -I../deps/v8/third_party/zlib/google -I../deps/v8/third_party/fp16/src/include -I../deps/v8/third_party/highway/src -I../deps/v8/third_party/simdutf -I../deps/v8/third_party/abseil-cpp  -fvisibility=hidden -fvisibility-inlines-hidden -Wno-unused-parameter -pthreads -fPIC -Wno-strict-overflow -Wno-return-type -Wno-int-in-bool-context -Wno-deprecated -Wno-stringop-overflow -Wno-stringop-overread -Wno-restrict -Wno-array-bounds -Wno-nonnull -Wno-dangling-pointer -flax-vector-conversions -m64 -mcpu=v9 -O3 -fno-omit-frame-pointer -fno-rtti -fno-exceptions -fno-strict-aliasing -std=gnu++20 -Wno-invalid-offsetof -MMD -MF /builds/psumbera/node-ai/out/Release/.deps//builds/psumbera/node-ai/out/Release/obj.target/v8_base_without_compiler/deps/v8/src/wasm/baseline/liftoff-assembler.o.d.raw   -c
In file included from ../deps/v8/src/wasm/baseline/liftoff-assembler-inl.h:33,
                 from ../deps/v8/src/wasm/baseline/liftoff-assembler.cc:16:
../deps/v8/src/wasm/baseline/sparc64/liftoff-assembler-sparc64-inl.h: In member function 'void v8::internal::wasm::LiftoffAssembler::emit_i8x16_shuffle(v8::internal::wasm::LiftoffRegister, v8::internal::wasm::LiftoffRegister, v8::internal::wasm::LiftoffRegister, const uint8_t*, bool)':
../deps/v8/src/wasm/baseline/sparc64/liftoff-assembler-sparc64-inl.h:2770:3: error: 'Por' was not declared in this scope; did you mean 'por'?
 2770 |   Por(dst.fp(), kScratchDoubleReg);
      |   ^~~
      |   por
../deps/v8/src/wasm/baseline/sparc64/liftoff-assembler-sparc64-inl.h: In member function 'void v8::internal::wasm::LiftoffAssembler::emit_i32x4_relaxed_trunc_f64x2_s_zero(v8::internal::wasm::LiftoffRegister, v8::internal::wasm::LiftoffRegister)':
../deps/v8/src/wasm/baseline/sparc64/liftoff-assembler-sparc64-inl.h:2799:3: error: 'Cvttpd2dq' was not declared in this scope; did you mean 'cvttpd2dq'?
 2799 |   Cvttpd2dq(dst.fp(), src.fp());
      |   ^~~~~~~~~
      |   cvttpd2dq
../deps/v8/src/wasm/baseline/sparc64/liftoff-assembler-sparc64-inl.h: In member function 'void v8::internal::wasm::LiftoffAssembler::emit_i8x16_alltrue(v8::internal::wasm::LiftoffRegister, v8::internal::wasm::LiftoffRegister)':
../deps/v8/src/wasm/baseline/sparc64/liftoff-assembler-sparc64-inl.h:3204:49: error: no matching function for call to 'EmitAllTrue<(&((v8::internal::wasm::LiftoffAssembler*)this)->*v8::internal::Assembler::pcmpeqb)>(v8::internal::wasm::LiftoffAssembler*, v8::internal::wasm::LiftoffRegister&, v8::internal::wasm::LiftoffRegister&)'
 3204 |   liftoff::EmitAllTrue<&MacroAssembler::pcmpeqb>(this, dst, src);
      |   ~~~~~~~~~~~~~~~~~~~~~~~~~~~~~~~~~~~~~~~~~~~~~~^~~~~~~~~~~~~~~~
../deps/v8/src/wasm/baseline/sparc64/liftoff-assembler-sparc64-inl.h:3204:49: note: there is 1 candidate
../deps/v8/src/wasm/baseline/sparc64/liftoff-assembler-sparc64-inl.h:2633:13: note: candidate 1: 'template<void (v8::internal::SharedMacroAssemblerBase::* pcmp)(v8::internal::XMMRegister, v8::internal::XMMRegister)> void v8::internal::wasm::liftoff::EmitAllTrue(v8::internal::wasm::LiftoffAssembler*, v8::internal::wasm::LiftoffRegister, v8::internal::wasm::LiftoffRegister, std::optional<v8::internal::CpuFeature>)'
 2633 | inline void EmitAllTrue(LiftoffAssembler* assm, LiftoffRegister dst,
      |             ^~~~~~~~~~~
../deps/v8/src/wasm/baseline/sparc64/liftoff-assembler-sparc64-inl.h:2633:13: note: template argument deduction/substitution failed:
../deps/v8/src/wasm/baseline/sparc64/liftoff-assembler-sparc64-inl.h:3204:24: error: conversion from 'void (v8::internal::Assembler::*)(v8::internal::XMMRegister, v8::internal::XMMRegister)' to 'void (v8::internal::SharedMacroAssemblerBase::*)(v8::internal::XMMRegister, v8::internal::XMMRegister)' in a converted constant expression
 3204 |   liftoff::EmitAllTrue<&MacroAssembler::pcmpeqb>(this, dst, src);
      |                        ^~~~~~~~~~~~~~~~~~~~~~~~
../deps/v8/src/wasm/baseline/sparc64/liftoff-assembler-sparc64-inl.h: In member function 'void v8::internal::wasm::LiftoffAssembler::emit_i16x8_alltrue(v8::internal::wasm::LiftoffRegister, v8::internal::wasm::LiftoffRegister)':
../deps/v8/src/wasm/baseline/sparc64/liftoff-assembler-sparc64-inl.h:3328:49: error: no matching function for call to 'EmitAllTrue<(&((v8::internal::wasm::LiftoffAssembler*)this)->*v8::internal::Assembler::pcmpeqw)>(v8::internal::wasm::LiftoffAssembler*, v8::internal::wasm::LiftoffRegister&, v8::internal::wasm::LiftoffRegister&)'
 3328 |   liftoff::EmitAllTrue<&MacroAssembler::pcmpeqw>(this, dst, src);
      |   ~~~~~~~~~~~~~~~~~~~~~~~~~~~~~~~~~~~~~~~~~~~~~~^~~~~~~~~~~~~~~~
../deps/v8/src/wasm/baseline/sparc64/liftoff-assembler-sparc64-inl.h:3328:49: note: there is 1 candidate
../deps/v8/src/wasm/baseline/sparc64/liftoff-assembler-sparc64-inl.h:2633:13: note: candidate 1: 'template<void (v8::internal::SharedMacroAssemblerBase::* pcmp)(v8::internal::XMMRegister, v8::internal::XMMRegister)> void v8::internal::wasm::liftoff::EmitAllTrue(v8::internal::wasm::LiftoffAssembler*, v8::internal::wasm::LiftoffRegister, v8::internal::wasm::LiftoffRegister, std::optional<v8::internal::CpuFeature>)'
 2633 | inline void EmitAllTrue(LiftoffAssembler* assm, LiftoffRegister dst,
      |             ^~~~~~~~~~~
../deps/v8/src/wasm/baseline/sparc64/liftoff-assembler-sparc64-inl.h:2633:13: note: template argument deduction/substitution failed:
../deps/v8/src/wasm/baseline/sparc64/liftoff-assembler-sparc64-inl.h:3328:24: error: conversion from 'void (v8::internal::Assembler::*)(v8::internal::XMMRegister, v8::internal::XMMRegister)' to 'void (v8::internal::SharedMacroAssemblerBase::*)(v8::internal::XMMRegister, v8::internal::XMMRegister)' in a converted constant expression
 3328 |   liftoff::EmitAllTrue<&MacroAssembler::pcmpeqw>(this, dst, src);
      |                        ^~~~~~~~~~~~~~~~~~~~~~~~
../deps/v8/src/wasm/baseline/sparc64/liftoff-assembler-sparc64-inl.h: In member function 'void v8::internal::wasm::LiftoffAssembler::emit_i16x8_relaxed_q15mulr_s(v8::internal::wasm::LiftoffRegister, v8::internal::wasm::LiftoffRegister, v8::internal::wasm::LiftoffRegister)':
../deps/v8/src/wasm/baseline/sparc64/liftoff-assembler-sparc64-inl.h:3498:13: error: no matching function for call to 'v8::internal::wasm::LiftoffAssembler::pmulhrsw(v8::internal::DoubleRegister, v8::internal::DoubleRegister, v8::internal::DoubleRegister)'
 3498 |     pmulhrsw(dst.fp(), src1.fp(), src2.fp());
      |     ~~~~~~~~^~~~~~~~~~~~~~~~~~~~~~~~~~~~~~~~
../deps/v8/src/wasm/baseline/sparc64/liftoff-assembler-sparc64-inl.h:3498:13: note: there are 2 candidates
In file included from ../deps/v8/src/codegen/assembler-arch.h:15,
                 from ../deps/v8/src/codegen/macro-assembler-base.h:12,
                 from ../deps/v8/src/codegen/macro-assembler.h:8,
                 from ../deps/v8/src/wasm/baseline/liftoff-assembler.h:13,
                 from ../deps/v8/src/wasm/baseline/liftoff-assembler.cc:5:
../deps/v8/src/codegen/sparc64/sse-instr.h:168:5: note: candidate 1: 'void v8::internal::Assembler::pmulhrsw(v8::internal::XMMRegister, v8::internal::XMMRegister)'
  168 |   V(pmulhrsw, 66, 0F, 38, 0B)
      |     ^~~~~~~~
../deps/v8/src/codegen/sparc64/assembler-sparc64.h:1411:8: note: in definition of macro 'DECLARE_SSSE3_INSTRUCTION'
 1411 |   void instruction(XMMRegister dst, XMMRegister src) {                       \
      |        ^~~~~~~~~~~
../deps/v8/src/codegen/sparc64/assembler-sparc64.h:1418:3: note: in expansion of macro 'SSSE3_INSTRUCTION_LIST'
 1418 |   SSSE3_INSTRUCTION_LIST(DECLARE_SSSE3_INSTRUCTION)
      |   ^~~~~~~~~~~~~~~~~~~~~~
../deps/v8/src/codegen/sparc64/sse-instr.h:168:5: note: candidate expects 2 arguments, 3 provided
  168 |   V(pmulhrsw, 66, 0F, 38, 0B)
      |     ^~~~~~~~
../deps/v8/src/codegen/sparc64/assembler-sparc64.h:1411:8: note: in definition of macro 'DECLARE_SSSE3_INSTRUCTION'
 1411 |   void instruction(XMMRegister dst, XMMRegister src) {                       \
      |        ^~~~~~~~~~~
../deps/v8/src/codegen/sparc64/assembler-sparc64.h:1418:3: note: in expansion of macro 'SSSE3_INSTRUCTION_LIST'
 1418 |   SSSE3_INSTRUCTION_LIST(DECLARE_SSSE3_INSTRUCTION)
      |   ^~~~~~~~~~~~~~~~~~~~~~
../deps/v8/src/codegen/sparc64/sse-instr.h:168:5: note: candidate 2: 'void v8::internal::Assembler::pmulhrsw(v8::internal::XMMRegister, v8::internal::Operand)'
  168 |   V(pmulhrsw, 66, 0F, 38, 0B)
      |     ^~~~~~~~
../deps/v8/src/codegen/sparc64/assembler-sparc64.h:1414:8: note: in definition of macro 'DECLARE_SSSE3_INSTRUCTION'
 1414 |   void instruction(XMMRegister dst, Operand src) {                           \
      |        ^~~~~~~~~~~
../deps/v8/src/codegen/sparc64/assembler-sparc64.h:1418:3: note: in expansion of macro 'SSSE3_INSTRUCTION_LIST'
 1418 |   SSSE3_INSTRUCTION_LIST(DECLARE_SSSE3_INSTRUCTION)
      |   ^~~~~~~~~~~~~~~~~~~~~~
../deps/v8/src/codegen/sparc64/sse-instr.h:168:5: note: candidate expects 2 arguments, 3 provided
  168 |   V(pmulhrsw, 66, 0F, 38, 0B)
      |     ^~~~~~~~
../deps/v8/src/codegen/sparc64/assembler-sparc64.h:1414:8: note: in definition of macro 'DECLARE_SSSE3_INSTRUCTION'
 1414 |   void instruction(XMMRegister dst, Operand src) {                           \
      |        ^~~~~~~~~~~
../deps/v8/src/codegen/sparc64/assembler-sparc64.h:1418:3: note: in expansion of macro 'SSSE3_INSTRUCTION_LIST'
 1418 |   SSSE3_INSTRUCTION_LIST(DECLARE_SSSE3_INSTRUCTION)
      |   ^~~~~~~~~~~~~~~~~~~~~~
../deps/v8/src/wasm/baseline/sparc64/liftoff-assembler-sparc64-inl.h: In member function 'void v8::internal::wasm::LiftoffAssembler::emit_i32x4_alltrue(v8::internal::wasm::LiftoffRegister, v8::internal::wasm::LiftoffRegister)':
../deps/v8/src/wasm/baseline/sparc64/liftoff-assembler-sparc64-inl.h:3543:49: error: no matching function for call to 'EmitAllTrue<(&((v8::internal::wasm::LiftoffAssembler*)this)->*v8::internal::Assembler::pcmpeqd)>(v8::internal::wasm::LiftoffAssembler*, v8::internal::wasm::LiftoffRegister&, v8::internal::wasm::LiftoffRegister&)'
 3543 |   liftoff::EmitAllTrue<&MacroAssembler::pcmpeqd>(this, dst, src);
      |   ~~~~~~~~~~~~~~~~~~~~~~~~~~~~~~~~~~~~~~~~~~~~~~^~~~~~~~~~~~~~~~
../deps/v8/src/wasm/baseline/sparc64/liftoff-assembler-sparc64-inl.h:3543:49: note: there is 1 candidate
../deps/v8/src/wasm/baseline/sparc64/liftoff-assembler-sparc64-inl.h:2633:13: note: candidate 1: 'template<void (v8::internal::SharedMacroAssemblerBase::* pcmp)(v8::internal::XMMRegister, v8::internal::XMMRegister)> void v8::internal::wasm::liftoff::EmitAllTrue(v8::internal::wasm::LiftoffAssembler*, v8::internal::wasm::LiftoffRegister, v8::internal::wasm::LiftoffRegister, std::optional<v8::internal::CpuFeature>)'
 2633 | inline void EmitAllTrue(LiftoffAssembler* assm, LiftoffRegister dst,
      |             ^~~~~~~~~~~
../deps/v8/src/wasm/baseline/sparc64/liftoff-assembler-sparc64-inl.h:2633:13: note: template argument deduction/substitution failed:
../deps/v8/src/wasm/baseline/sparc64/liftoff-assembler-sparc64-inl.h:3543:24: error: conversion from 'void (v8::internal::Assembler::*)(v8::internal::XMMRegister, v8::internal::XMMRegister)' to 'void (v8::internal::SharedMacroAssemblerBase::*)(v8::internal::XMMRegister, v8::internal::XMMRegister)' in a converted constant expression
 3543 |   liftoff::EmitAllTrue<&MacroAssembler::pcmpeqd>(this, dst, src);
      |                        ^~~~~~~~~~~~~~~~~~~~~~~~
../deps/v8/src/wasm/baseline/sparc64/liftoff-assembler-sparc64-inl.h: In member function 'void v8::internal::wasm::LiftoffAssembler::emit_i64x2_alltrue(v8::internal::wasm::LiftoffRegister, v8::internal::wasm::LiftoffRegister)':
../deps/v8/src/wasm/baseline/sparc64/liftoff-assembler-sparc64-inl.h:3711:49: error: no matching function for call to 'EmitAllTrue<(&((v8::internal::wasm::LiftoffAssembler*)this)->*v8::internal::Assembler::pcmpeqq)>(v8::internal::wasm::LiftoffAssembler*, v8::internal::wasm::LiftoffRegister&, v8::internal::wasm::LiftoffRegister&, v8::internal::CpuFeature)'
 3711 |   liftoff::EmitAllTrue<&MacroAssembler::pcmpeqq>(this, dst, src, SSE4_1);
      |   ~~~~~~~~~~~~~~~~~~~~~~~~~~~~~~~~~~~~~~~~~~~~~~^~~~~~~~~~~~~~~~~~~~~~~~
../deps/v8/src/wasm/baseline/sparc64/liftoff-assembler-sparc64-inl.h:3711:49: note: there is 1 candidate
../deps/v8/src/wasm/baseline/sparc64/liftoff-assembler-sparc64-inl.h:2633:13: note: candidate 1: 'template<void (v8::internal::SharedMacroAssemblerBase::* pcmp)(v8::internal::XMMRegister, v8::internal::XMMRegister)> void v8::internal::wasm::liftoff::EmitAllTrue(v8::internal::wasm::LiftoffAssembler*, v8::internal::wasm::LiftoffRegister, v8::internal::wasm::LiftoffRegister, std::optional<v8::internal::CpuFeature>)'
 2633 | inline void EmitAllTrue(LiftoffAssembler* assm, LiftoffRegister dst,
      |             ^~~~~~~~~~~
../deps/v8/src/wasm/baseline/sparc64/liftoff-assembler-sparc64-inl.h:2633:13: note: template argument deduction/substitution failed:
../deps/v8/src/wasm/baseline/sparc64/liftoff-assembler-sparc64-inl.h:3711:24: error: conversion from 'void (v8::internal::Assembler::*)(v8::internal::XMMRegister, v8::internal::XMMRegister)' to 'void (v8::internal::SharedMacroAssemblerBase::*)(v8::internal::XMMRegister, v8::internal::XMMRegister)' in a converted constant expression
 3711 |   liftoff::EmitAllTrue<&MacroAssembler::pcmpeqq>(this, dst, src, SSE4_1);
      |                        ^~~~~~~~~~~~~~~~~~~~~~~~
../deps/v8/src/wasm/baseline/sparc64/liftoff-assembler-sparc64-inl.h: In member function 'void v8::internal::wasm::LiftoffAssembler::emit_f32x4_abs(v8::internal::wasm::LiftoffRegister, v8::internal::wasm::LiftoffRegister)':
../deps/v8/src/wasm/baseline/sparc64/liftoff-assembler-sparc64-inl.h:3828:3: error: 'absps' was not declared in this scope; did you mean 'Absps'?
 3828 |   absps(dst.fp(), src.fp(), kScratchRegister);
      |   ^~~~~
      |   Absps
../deps/v8/src/wasm/baseline/sparc64/liftoff-assembler-sparc64-inl.h: In member function 'void v8::internal::wasm::LiftoffAssembler::emit_f32x4_neg(v8::internal::wasm::LiftoffRegister, v8::internal::wasm::LiftoffRegister)':
../deps/v8/src/wasm/baseline/sparc64/liftoff-assembler-sparc64-inl.h:3833:3: error: 'negps' was not declared in this scope; did you mean 'Negps'?
 3833 |   negps(dst.fp(), src.fp(), kScratchRegister);
      |   ^~~~~
      |   Negps
../deps/v8/src/wasm/baseline/sparc64/liftoff-assembler-sparc64-inl.h: In member function 'void v8::internal::wasm::LiftoffAssembler::emit_f64x2_abs(v8::internal::wasm::LiftoffRegister, v8::internal::wasm::LiftoffRegister)':
../deps/v8/src/wasm/baseline/sparc64/liftoff-assembler-sparc64-inl.h:3934:3: error: 'abspd' was not declared in this scope; did you mean 'Abspd'?
 3934 |   abspd(dst.fp(), src.fp(), kScratchRegister);
      |   ^~~~~
      |   Abspd
../deps/v8/src/wasm/baseline/sparc64/liftoff-assembler-sparc64-inl.h: In member function 'void v8::internal::wasm::LiftoffAssembler::emit_f64x2_neg(v8::internal::wasm::LiftoffRegister, v8::internal::wasm::LiftoffRegister)':
../deps/v8/src/wasm/baseline/sparc64/liftoff-assembler-sparc64-inl.h:3939:3: error: 'negpd' was not declared in this scope; did you mean 'Negpd'?
 3939 |   negpd(dst.fp(), src.fp(), kScratchRegister);
      |   ^~~~~
      |   Negpd
../deps/v8/src/wasm/baseline/sparc64/liftoff-assembler-sparc64-inl.h: In member function 'void v8::internal::wasm::LiftoffAssembler::emit_i8x16_abs(v8::internal::wasm::LiftoffRegister, v8::internal::wasm::LiftoffRegister)':
../deps/v8/src/wasm/baseline/sparc64/liftoff-assembler-sparc64-inl.h:4194:3: error: 'pabsb' was not declared in this scope; did you mean 'vpabsb'?
 4194 |   pabsb(dst.fp(), src.fp());
      |   ^~~~~
      |   vpabsb
../deps/v8/src/wasm/baseline/sparc64/liftoff-assembler-sparc64-inl.h: In member function 'void v8::internal::wasm::LiftoffAssembler::emit_i16x8_abs(v8::internal::wasm::LiftoffRegister, v8::internal::wasm::LiftoffRegister)':
../deps/v8/src/wasm/baseline/sparc64/liftoff-assembler-sparc64-inl.h:4199:3: error: 'pabsw' was not declared in this scope; did you mean 'vpabsw'?
 4199 |   pabsw(dst.fp(), src.fp());
      |   ^~~~~
      |   vpabsw
../deps/v8/src/wasm/baseline/sparc64/liftoff-assembler-sparc64-inl.h: In member function 'void v8::internal::wasm::LiftoffAssembler::emit_i32x4_abs(v8::internal::wasm::LiftoffRegister, v8::internal::wasm::LiftoffRegister)':
../deps/v8/src/wasm/baseline/sparc64/liftoff-assembler-sparc64-inl.h:4204:3: error: 'pabsd' was not declared in this scope; did you mean 'vpabsd'?
 4204 |   pabsd(dst.fp(), src.fp());
      |   ^~~~~
      |   vpabsd
../deps/v8/src/wasm/baseline/sparc64/liftoff-assembler-sparc64-inl.h: In member function 'bool v8::internal::wasm::LiftoffAssembler::emit_f16x8_abs(v8::internal::wasm::LiftoffRegister, v8::internal::wasm::LiftoffRegister)':
../deps/v8/src/wasm/baseline/sparc64/liftoff-assembler-sparc64-inl.h:4413:3: error: 'absph' was not declared in this scope; did you mean 'Absph'?
 4413 |   absph(dst.fp(), src.fp(), kScratchRegister);
      |   ^~~~~
      |   Absph
../deps/v8/src/wasm/baseline/sparc64/liftoff-assembler-sparc64-inl.h: In member function 'bool v8::internal::wasm::LiftoffAssembler::emit_f16x8_neg(v8::internal::wasm::LiftoffRegister, v8::internal::wasm::LiftoffRegister)':
../deps/v8/src/wasm/baseline/sparc64/liftoff-assembler-sparc64-inl.h:4423:3: error: 'negph' was not declared in this scope; did you mean 'Negph'?
 4423 |   negph(dst.fp(), src.fp(), kScratchRegister);
      |   ^~~~~
      |   Negph
../deps/v8/src/wasm/baseline/sparc64/liftoff-assembler-sparc64-inl.h: In member function 'bool v8::internal::wasm::LiftoffAssembler::emit_f16x8_sqrt(v8::internal::wasm::LiftoffRegister, v8::internal::wasm::LiftoffRegister)':
../deps/v8/src/wasm/baseline/sparc64/liftoff-assembler-sparc64-inl.h:4436:3: error: 'vsqrtps' was not declared in this scope; did you mean 'sqrtps'?
 4436 |   vsqrtps(ydst, ydst);
      |   ^~~~~~~
      |   sqrtps
../deps/v8/src/wasm/baseline/sparc64/liftoff-assembler-sparc64-inl.h: In member function 'bool v8::internal::wasm::LiftoffAssembler::emit_f16x8_sconvert_i16x8(v8::internal::wasm::LiftoffRegister, v8::internal::wasm::LiftoffRegister)':
../deps/v8/src/wasm/baseline/sparc64/liftoff-assembler-sparc64-inl.h:4619:3: error: 'vcvtdq2ps' was not declared in this scope; did you mean 'cvtdq2ps'?
 4619 |   vcvtdq2ps(ydst, ydst);
      |   ^~~~~~~~~
      |   cvtdq2ps
../deps/v8/src/wasm/baseline/sparc64/liftoff-assembler-sparc64-inl.h: In member function 'bool v8::internal::wasm::LiftoffAssembler::emit_f16x8_uconvert_i16x8(v8::internal::wasm::LiftoffRegister, v8::internal::wasm::LiftoffRegister)':
../deps/v8/src/wasm/baseline/sparc64/liftoff-assembler-sparc64-inl.h:4636:3: error: 'vcvtdq2ps' was not declared in this scope; did you mean 'cvtdq2ps'?
 4636 |   vcvtdq2ps(ydst, ydst);
      |   ^~~~~~~~~
      |   cvtdq2ps
../deps/v8/src/wasm/baseline/sparc64/liftoff-assembler-sparc64-inl.h: In member function 'bool v8::internal::wasm::LiftoffAssembler::emit_f16x8_demote_f64x2_zero(v8::internal::wasm::LiftoffRegister, v8::internal::wasm::LiftoffRegister)':
../deps/v8/src/wasm/baseline/sparc64/liftoff-assembler-sparc64-inl.h:4666:3: error: 'cvtpd2ph' was not declared in this scope; did you mean 'Cvtpd2ph'?
 4666 |   cvtpd2ph(ftmp2.fp(), ftmp.fp(), tmp.gp());
      |   ^~~~~~~~
      |   Cvtpd2ph
gmake[1]: *** [tools/v8_gypfiles/v8_base_without_compiler.target.mk:1097: /builds/psumbera/node-ai/out/Release/obj.target/v8_base_without_compiler/deps/v8/src/wasm/baseline/liftoff-assembler.o] Error 1
rm 7b0a5ed5e2e52bad7d184aa9087d59987bb4e91d3b967f9c985bd7c3aa2ab0e9.intermediate c82365e7b75f813d3a0d028148176e4f8c69f9d3f20071b3fd80fc213f2cb3b5.intermediate
gmake: *** [Makefile:143: node] Error 2
